# JRE version: Java(TM) SE Runtime Environment (20.0+36) (build 20+36-2344)
# Java VM: Java HotSpot(TM) 64-Bit Server VM (20+36-2344, mixed mode, sharing, tiered, compressed oops, compressed class ptrs, g1 gc, windows-amd64)
GC Precious Log:
 CardTable entry size: 512
 Card Set container configuration: InlinePtr #cards 5 size 8 Array Of Cards #cards 12 size 40 Howl #buckets 4 coarsen threshold 1843 Howl Bitmap #cards 512 size 80 coarsen threshold 460 Card regions per heap region 1 cards per card region 2048
 CPUs: 8 total, 8 available
 Memory: 8043M
 Large Page Support: Disabled
 NUMA Support: Disabled
 Compressed Oops: Enabled (32-bit)
 Heap Region Size: 1M
 Heap Min Capacity: 8M
 Heap Initial Capacity: 126M
 Heap Max Capacity: 2012M
 Pre-touch: Disabled
 Parallel Workers: 8
 Concurrent Workers: 2
 Concurrent Refinement Workers: 8
 Periodic GC: Disabled
Heap:
 garbage-first heap   total 138240K, used 99328K [0x0000000082400000, 0x0000000100000000)
  region size 1024K, 19 young (19456K), 4 survivors (4096K)
 Metaspace       used 33983K, committed 34560K, reserved 1114112K
  class space    used 3967K, committed 4224K, reserved 1048576K
GC Heap History (20 events):
Event: 88.434 GC heap before
{Heap before GC invocations=23 (full 0):
 garbage-first heap   total 99328K, used 74506K [0x0000000082400000, 0x0000000100000000)
  region size 1024K, 19 young (19456K), 3 survivors (3072K)
 Metaspace       used 33616K, committed 34240K, reserved 1114112K
  class space    used 3966K, committed 4224K, reserved 1048576K
}
Event: 88.438 GC heap after
{Heap after GC invocations=24 (full 0):
 garbage-first heap   total 99328K, used 61524K [0x0000000082400000, 0x0000000100000000)
  region size 1024K, 3 young (3072K), 3 survivors (3072K)
 Metaspace       used 33616K, committed 34240K, reserved 1114112K
  class space    used 3966K, committed 4224K, reserved 1048576K
}
Event: 106.463 GC heap before
{Heap before GC invocations=24 (full 0):
 garbage-first heap   total 99328K, used 87124K [0x0000000082400000, 0x0000000100000000)
  region size 1024K, 28 young (28672K), 3 survivors (3072K)
 Metaspace       used 33634K, committed 34240K, reserved 1114112K
  class space    used 3966K, committed 4224K, reserved 1048576K
}
Event: 106.467 GC heap after
{Heap after GC invocations=25 (full 0):
 garbage-first heap   total 99328K, used 65614K [0x0000000082400000, 0x0000000100000000)
  region size 1024K, 4 young (4096K), 4 survivors (4096K)
 Metaspace       used 33634K, committed 34240K, reserved 1114112K
  class space    used 3966K, committed 4224K, reserved 1048576K
}
Event: 108.725 GC heap before
{Heap before GC invocations=25 (full 0):
 garbage-first heap   total 99328K, used 71758K [0x0000000082400000, 0x0000000100000000)
  region size 1024K, 11 young (11264K), 4 survivors (4096K)
 Metaspace       used 33670K, committed 34240K, reserved 1114112K
  class space    used 3967K, committed 4224K, reserved 1048576K
}
Event: 108.727 GC heap after
{Heap after GC invocations=26 (full 0):
 garbage-first heap   total 99328K, used 67737K [0x0000000082400000, 0x0000000100000000)
  region size 1024K, 2 young (2048K), 2 survivors (2048K)
 Metaspace       used 33670K, committed 34240K, reserved 1114112K
  class space    used 3967K, committed 4224K, reserved 1048576K
}
Event: 109.929 GC heap before
{Heap before GC invocations=27 (full 0):
 garbage-first heap   total 128000K, used 93337K [0x0000000082400000, 0x0000000100000000)
  region size 1024K, 22 young (22528K), 2 survivors (2048K)
 Metaspace       used 33972K, committed 34560K, reserved 1114112K
  class space    used 3967K, committed 4224K, reserved 1048576K
}
Event: 109.932 GC heap after
{Heap after GC invocations=28 (full 0):
 garbage-first heap   total 128000K, used 68167K [0x0000000082400000, 0x0000000100000000)
  region size 1024K, 2 young (2048K), 2 survivors (2048K)
 Metaspace       used 33972K, committed 34560K, reserved 1114112K
  class space    used 3967K, committed 4224K, reserved 1048576K
}
Event: 124.276 GC heap before
{Heap before GC invocations=28 (full 0):
 garbage-first heap   total 128000K, used 111175K [0x0000000082400000, 0x0000000100000000)
  region size 1024K, 44 young (45056K), 2 survivors (2048K)
 Metaspace       used 33978K, committed 34560K, reserved 1114112K
  class space    used 3967K, committed 4224K, reserved 1048576K
}
Event: 124.280 GC heap after
{Heap after GC invocations=29 (full 0):
 garbage-first heap   total 128000K, used 74223K [0x0000000082400000, 0x0000000100000000)
  region size 1024K, 6 young (6144K), 6 survivors (6144K)
 Metaspace       used 33978K, committed 34560K, reserved 1114112K
  class space    used 3967K, committed 4224K, reserved 1048576K
}
Event: 136.262 GC heap before
{Heap before GC invocations=29 (full 0):
 garbage-first heap   total 128000K, used 111087K [0x0000000082400000, 0x0000000100000000)
  region size 1024K, 42 young (43008K), 6 survivors (6144K)
 Metaspace       used 33978K, committed 34560K, reserved 1114112K
  class space    used 3967K, committed 4224K, reserved 1048576K
}
Event: 136.267 GC heap after
{Heap after GC invocations=30 (full 0):
 garbage-first heap   total 128000K, used 81286K [0x0000000082400000, 0x0000000100000000)
  region size 1024K, 6 young (6144K), 6 survivors (6144K)
 Metaspace       used 33978K, committed 34560K, reserved 1114112K
  class space    used 3967K, committed 4224K, reserved 1048576K
}
Event: 147.390 GC heap before
{Heap before GC invocations=31 (full 0):
 garbage-first heap   total 138240K, used 113030K [0x0000000082400000, 0x0000000100000000)
  region size 1024K, 37 young (37888K), 6 survivors (6144K)
 Metaspace       used 33978K, committed 34560K, reserved 1114112K
  class space    used 3967K, committed 4224K, reserved 1048576K
}
Event: 147.395 GC heap after
{Heap after GC invocations=32 (full 0):
 garbage-first heap   total 138240K, used 87500K [0x0000000082400000, 0x0000000100000000)
  region size 1024K, 5 young (5120K), 5 survivors (5120K)
 Metaspace       used 33978K, committed 34560K, reserved 1114112K
  class space    used 3967K, committed 4224K, reserved 1048576K
}
Event: 158.394 GC heap before
{Heap before GC invocations=32 (full 0):
 garbage-first heap   total 138240K, used 122316K [0x0000000082400000, 0x0000000100000000)
  region size 1024K, 39 young (39936K), 5 survivors (5120K)
 Metaspace       used 33978K, committed 34560K, reserved 1114112K
  class space    used 3967K, committed 4224K, reserved 1048576K
}
Event: 158.399 GC heap after
{Heap after GC invocations=33 (full 0):
 garbage-first heap   total 138240K, used 93184K [0x0000000082400000, 0x0000000100000000)
  region size 1024K, 5 young (5120K), 5 survivors (5120K)
 Metaspace       used 33978K, committed 34560K, reserved 1114112K
  class space    used 3967K, committed 4224K, reserved 1048576K
}
Event: 168.988 GC heap before
{Heap before GC invocations=33 (full 0):
 garbage-first heap   total 138240K, used 123904K [0x0000000082400000, 0x0000000100000000)
  region size 1024K, 35 young (35840K), 5 survivors (5120K)
 Metaspace       used 33978K, committed 34560K, reserved 1114112K
  class space    used 3967K, committed 4224K, reserved 1048576K
}
Event: 168.992 GC heap after
{Heap after GC invocations=34 (full 0):
 garbage-first heap   total 138240K, used 99328K [0x0000000082400000, 0x0000000100000000)
  region size 1024K, 5 young (5120K), 5 survivors (5120K)
 Metaspace       used 33978K, committed 34560K, reserved 1114112K
  class space    used 3967K, committed 4224K, reserved 1048576K
}
Event: 177.118 GC heap before
{Heap before GC invocations=35 (full 0):
 garbage-first heap   total 138240K, used 105472K [0x0000000082400000, 0x0000000100000000)
  region size 1024K, 30 young (30720K), 5 survivors (5120K)
 Metaspace       used 33978K, committed 34560K, reserved 1114112K
  class space    used 3967K, committed 4224K, reserved 1048576K
}
Event: 177.122 GC heap after
{Heap after GC invocations=36 (full 0):
 garbage-first heap   total 138240K, used 84992K [0x0000000082400000, 0x0000000100000000)
  region size 1024K, 4 young (4096K), 4 survivors (4096K)
 Metaspace       used 33978K, committed 34560K, reserved 1114112K
  class space    used 3967K, committed 4224K, reserved 1048576K
}

